# /Users/S0U1SB4N3/test006/linphone-desktop/submodules/externals/libvpx/configure --prefix=/Users/S0U1SB4N3/test006/linphone-desktop/OUTPUT/desktop --target=x86_64-darwin10-gcc --prefix=/Users/S0U1SB4N3/test006/linphone-desktop/OUTPUT/desktop --target=x86_64-darwin10-gcc --enable-static --disable-shared --enable-pic --enable-error-concealment --enable-multithread --enable-realtime-only --enable-spatial-resampling --enable-vp8 --disable-vp9 --enable-libs --disable-install-docs --disable-debug-libs --disable-examples --disable-unit-tests --as=yasm
Configuring selected codecs
Configuring for target 'x86_64-darwin10-gcc'
  enabling x86_64
check_cpp
BEGIN /tmp/vpx-conf-28943-25104.c
     1	#if !defined(__ILP32__) || !defined(__x86_64__)
     2	#error "not x32"
     3	#endif
END /tmp/vpx-conf-28943-25104.c
/Applications/Xcode.app/Contents/Developer/Toolchains/XcodeDefault.xctoolchain/usr/bin/cc -isysroot /Applications/Xcode.app/Contents/Developer/Platforms/MacOSX.platform/Developer/SDKs/MacOSX10.13.sdk -mmacosx-version-min=10.6 -E -o /tmp/vpx-conf-28943-25104.o /tmp/vpx-conf-28943-25104.c
/tmp/vpx-conf-28943-25104.c:2:2: error: "not x32"
#error "not x32"
 ^
1 error generated.
  enabling runtime_cpu_detect
check_cflags -mmmx
check_cc -Werror -mmmx
BEGIN /tmp/vpx-conf-28943-25104.c
     1	int x;
END /tmp/vpx-conf-28943-25104.c
/Applications/Xcode.app/Contents/Developer/Toolchains/XcodeDefault.xctoolchain/usr/bin/cc -isysroot /Applications/Xcode.app/Contents/Developer/Platforms/MacOSX.platform/Developer/SDKs/MacOSX10.13.sdk -mmacosx-version-min=10.6 -m64 -Werror -mmmx -c -o /tmp/vpx-conf-28943-25104.o /tmp/vpx-conf-28943-25104.c
  enabling mmx
check_cflags -msse
check_cc -Werror -msse
BEGIN /tmp/vpx-conf-28943-25104.c
     1	int x;
END /tmp/vpx-conf-28943-25104.c
/Applications/Xcode.app/Contents/Developer/Toolchains/XcodeDefault.xctoolchain/usr/bin/cc -isysroot /Applications/Xcode.app/Contents/Developer/Platforms/MacOSX.platform/Developer/SDKs/MacOSX10.13.sdk -mmacosx-version-min=10.6 -m64 -Werror -msse -c -o /tmp/vpx-conf-28943-25104.o /tmp/vpx-conf-28943-25104.c
  enabling sse
check_cflags -msse2
check_cc -Werror -msse2
BEGIN /tmp/vpx-conf-28943-25104.c
     1	int x;
END /tmp/vpx-conf-28943-25104.c
/Applications/Xcode.app/Contents/Developer/Toolchains/XcodeDefault.xctoolchain/usr/bin/cc -isysroot /Applications/Xcode.app/Contents/Developer/Platforms/MacOSX.platform/Developer/SDKs/MacOSX10.13.sdk -mmacosx-version-min=10.6 -m64 -Werror -msse2 -c -o /tmp/vpx-conf-28943-25104.o /tmp/vpx-conf-28943-25104.c
  enabling sse2
check_cflags -msse3
check_cc -Werror -msse3
BEGIN /tmp/vpx-conf-28943-25104.c
     1	int x;
END /tmp/vpx-conf-28943-25104.c
/Applications/Xcode.app/Contents/Developer/Toolchains/XcodeDefault.xctoolchain/usr/bin/cc -isysroot /Applications/Xcode.app/Contents/Developer/Platforms/MacOSX.platform/Developer/SDKs/MacOSX10.13.sdk -mmacosx-version-min=10.6 -m64 -Werror -msse3 -c -o /tmp/vpx-conf-28943-25104.o /tmp/vpx-conf-28943-25104.c
  enabling sse3
check_cflags -mssse3
check_cc -Werror -mssse3
BEGIN /tmp/vpx-conf-28943-25104.c
     1	int x;
END /tmp/vpx-conf-28943-25104.c
/Applications/Xcode.app/Contents/Developer/Toolchains/XcodeDefault.xctoolchain/usr/bin/cc -isysroot /Applications/Xcode.app/Contents/Developer/Platforms/MacOSX.platform/Developer/SDKs/MacOSX10.13.sdk -mmacosx-version-min=10.6 -m64 -Werror -mssse3 -c -o /tmp/vpx-conf-28943-25104.o /tmp/vpx-conf-28943-25104.c
  enabling ssse3
check_cflags -msse4
check_cc -Werror -msse4
BEGIN /tmp/vpx-conf-28943-25104.c
     1	int x;
END /tmp/vpx-conf-28943-25104.c
/Applications/Xcode.app/Contents/Developer/Toolchains/XcodeDefault.xctoolchain/usr/bin/cc -isysroot /Applications/Xcode.app/Contents/Developer/Platforms/MacOSX.platform/Developer/SDKs/MacOSX10.13.sdk -mmacosx-version-min=10.6 -m64 -Werror -msse4 -c -o /tmp/vpx-conf-28943-25104.o /tmp/vpx-conf-28943-25104.c
  enabling sse4_1
check_cflags -mavx
check_cc -Werror -mavx
BEGIN /tmp/vpx-conf-28943-25104.c
     1	int x;
END /tmp/vpx-conf-28943-25104.c
/Applications/Xcode.app/Contents/Developer/Toolchains/XcodeDefault.xctoolchain/usr/bin/cc -isysroot /Applications/Xcode.app/Contents/Developer/Platforms/MacOSX.platform/Developer/SDKs/MacOSX10.13.sdk -mmacosx-version-min=10.6 -m64 -Werror -mavx -c -o /tmp/vpx-conf-28943-25104.o /tmp/vpx-conf-28943-25104.c
  enabling avx
check_cflags -mavx2
check_cc -Werror -mavx2
BEGIN /tmp/vpx-conf-28943-25104.c
     1	int x;
END /tmp/vpx-conf-28943-25104.c
/Applications/Xcode.app/Contents/Developer/Toolchains/XcodeDefault.xctoolchain/usr/bin/cc -isysroot /Applications/Xcode.app/Contents/Developer/Platforms/MacOSX.platform/Developer/SDKs/MacOSX10.13.sdk -mmacosx-version-min=10.6 -m64 -Werror -mavx2 -c -o /tmp/vpx-conf-28943-25104.o /tmp/vpx-conf-28943-25104.c
  enabling avx2
  using yasm
check_cxxflags -DNDEBUG
check_cxx -Werror -DNDEBUG
BEGIN /tmp/vpx-conf-28943-25104.cc
     1	int x;
END /tmp/vpx-conf-28943-25104.cc
/Applications/Xcode.app/Contents/Developer/Toolchains/XcodeDefault.xctoolchain/usr/bin/c++ -isysroot /Applications/Xcode.app/Contents/Developer/Platforms/MacOSX.platform/Developer/SDKs/MacOSX10.13.sdk -mmacosx-version-min=10.6 -m64 -arch x86_64 -Werror -DNDEBUG -c -o /tmp/vpx-conf-28943-25104.o /tmp/vpx-conf-28943-25104.cc
check_cflags -DNDEBUG
check_cc -Werror -DNDEBUG
BEGIN /tmp/vpx-conf-28943-25104.c
     1	int x;
END /tmp/vpx-conf-28943-25104.c
/Applications/Xcode.app/Contents/Developer/Toolchains/XcodeDefault.xctoolchain/usr/bin/cc -isysroot /Applications/Xcode.app/Contents/Developer/Platforms/MacOSX.platform/Developer/SDKs/MacOSX10.13.sdk -mmacosx-version-min=10.6 -m64 -arch x86_64 -Werror -DNDEBUG -c -o /tmp/vpx-conf-28943-25104.o /tmp/vpx-conf-28943-25104.c
check_cxxflags -O3
check_cxx -Werror -O3
BEGIN /tmp/vpx-conf-28943-25104.cc
     1	int x;
END /tmp/vpx-conf-28943-25104.cc
/Applications/Xcode.app/Contents/Developer/Toolchains/XcodeDefault.xctoolchain/usr/bin/c++ -isysroot /Applications/Xcode.app/Contents/Developer/Platforms/MacOSX.platform/Developer/SDKs/MacOSX10.13.sdk -mmacosx-version-min=10.6 -m64 -arch x86_64 -DNDEBUG -Werror -O3 -c -o /tmp/vpx-conf-28943-25104.o /tmp/vpx-conf-28943-25104.cc
check_cflags -O3
check_cc -Werror -O3
BEGIN /tmp/vpx-conf-28943-25104.c
     1	int x;
END /tmp/vpx-conf-28943-25104.c
/Applications/Xcode.app/Contents/Developer/Toolchains/XcodeDefault.xctoolchain/usr/bin/cc -isysroot /Applications/Xcode.app/Contents/Developer/Platforms/MacOSX.platform/Developer/SDKs/MacOSX10.13.sdk -mmacosx-version-min=10.6 -m64 -arch x86_64 -DNDEBUG -Werror -O3 -c -o /tmp/vpx-conf-28943-25104.o /tmp/vpx-conf-28943-25104.c
  enabling use_x86inc
check_cxxflags -fPIC
check_cxx -Werror -fPIC
BEGIN /tmp/vpx-conf-28943-25104.cc
     1	int x;
END /tmp/vpx-conf-28943-25104.cc
/Applications/Xcode.app/Contents/Developer/Toolchains/XcodeDefault.xctoolchain/usr/bin/c++ -isysroot /Applications/Xcode.app/Contents/Developer/Platforms/MacOSX.platform/Developer/SDKs/MacOSX10.13.sdk -mmacosx-version-min=10.6 -m64 -arch x86_64 -DNDEBUG -O3 -Werror -fPIC -c -o /tmp/vpx-conf-28943-25104.o /tmp/vpx-conf-28943-25104.cc
check_cflags -fPIC
check_cc -Werror -fPIC
BEGIN /tmp/vpx-conf-28943-25104.c
     1	int x;
END /tmp/vpx-conf-28943-25104.c
/Applications/Xcode.app/Contents/Developer/Toolchains/XcodeDefault.xctoolchain/usr/bin/cc -isysroot /Applications/Xcode.app/Contents/Developer/Platforms/MacOSX.platform/Developer/SDKs/MacOSX10.13.sdk -mmacosx-version-min=10.6 -m64 -arch x86_64 -DNDEBUG -O3 -Werror -fPIC -c -o /tmp/vpx-conf-28943-25104.o /tmp/vpx-conf-28943-25104.c
check_cc
BEGIN /tmp/vpx-conf-28943-25104.c
     1	unsigned int e = 'O'<<24 | '2'<<16 | 'B'<<8 | 'E';
END /tmp/vpx-conf-28943-25104.c
/Applications/Xcode.app/Contents/Developer/Toolchains/XcodeDefault.xctoolchain/usr/bin/cc -isysroot /Applications/Xcode.app/Contents/Developer/Platforms/MacOSX.platform/Developer/SDKs/MacOSX10.13.sdk -mmacosx-version-min=10.6 -m64 -arch x86_64 -DNDEBUG -O3 -fPIC -c -o /tmp/vpx-conf-28943-25104.o /tmp/vpx-conf-28943-25104.c
check_cc
BEGIN /tmp/vpx-conf-28943-25104.c
     1	static inline function() {}
END /tmp/vpx-conf-28943-25104.c
/Applications/Xcode.app/Contents/Developer/Toolchains/XcodeDefault.xctoolchain/usr/bin/cc -isysroot /Applications/Xcode.app/Contents/Developer/Platforms/MacOSX.platform/Developer/SDKs/MacOSX10.13.sdk -mmacosx-version-min=10.6 -m64 -arch x86_64 -DNDEBUG -O3 -fPIC -c -o /tmp/vpx-conf-28943-25104.o /tmp/vpx-conf-28943-25104.c
/tmp/vpx-conf-28943-25104.c:1:15: warning: type specifier missing, defaults to 'int' [-Wimplicit-int]
static inline function() {}
~~~~~~~~~~~~~ ^
/tmp/vpx-conf-28943-25104.c:1:27: warning: control reaches end of non-void function [-Wreturn-type]
static inline function() {}
                          ^
2 warnings generated.
check_header pthread.h
check_cpp
BEGIN /tmp/vpx-conf-28943-25104.c
     1	#include "pthread.h"
     2	int x;
END /tmp/vpx-conf-28943-25104.c
/Applications/Xcode.app/Contents/Developer/Toolchains/XcodeDefault.xctoolchain/usr/bin/cc -isysroot /Applications/Xcode.app/Contents/Developer/Platforms/MacOSX.platform/Developer/SDKs/MacOSX10.13.sdk -mmacosx-version-min=10.6 -m64 -arch x86_64 -DNDEBUG -O3 -fPIC -E -o /tmp/vpx-conf-28943-25104.o /tmp/vpx-conf-28943-25104.c
check_cxxflags -Wall
check_cxx -Werror -Wall
BEGIN /tmp/vpx-conf-28943-25104.cc
     1	int x;
END /tmp/vpx-conf-28943-25104.cc
/Applications/Xcode.app/Contents/Developer/Toolchains/XcodeDefault.xctoolchain/usr/bin/c++ -isysroot /Applications/Xcode.app/Contents/Developer/Platforms/MacOSX.platform/Developer/SDKs/MacOSX10.13.sdk -mmacosx-version-min=10.6 -m64 -arch x86_64 -DNDEBUG -O3 -fPIC -Werror -Wall -c -o /tmp/vpx-conf-28943-25104.o /tmp/vpx-conf-28943-25104.cc
check_cflags -Wall
check_cc -Werror -Wall
BEGIN /tmp/vpx-conf-28943-25104.c
     1	int x;
END /tmp/vpx-conf-28943-25104.c
/Applications/Xcode.app/Contents/Developer/Toolchains/XcodeDefault.xctoolchain/usr/bin/cc -isysroot /Applications/Xcode.app/Contents/Developer/Platforms/MacOSX.platform/Developer/SDKs/MacOSX10.13.sdk -mmacosx-version-min=10.6 -m64 -arch x86_64 -DNDEBUG -O3 -fPIC -Werror -Wall -c -o /tmp/vpx-conf-28943-25104.o /tmp/vpx-conf-28943-25104.c
check_cxxflags -Wdeclaration-after-statement
check_cxx -Werror -Wdeclaration-after-statement
BEGIN /tmp/vpx-conf-28943-25104.cc
     1	int x;
END /tmp/vpx-conf-28943-25104.cc
/Applications/Xcode.app/Contents/Developer/Toolchains/XcodeDefault.xctoolchain/usr/bin/c++ -isysroot /Applications/Xcode.app/Contents/Developer/Platforms/MacOSX.platform/Developer/SDKs/MacOSX10.13.sdk -mmacosx-version-min=10.6 -m64 -arch x86_64 -DNDEBUG -O3 -fPIC -Wall -Werror -Wdeclaration-after-statement -c -o /tmp/vpx-conf-28943-25104.o /tmp/vpx-conf-28943-25104.cc
check_cflags -Wdeclaration-after-statement
check_cc -Werror -Wdeclaration-after-statement
BEGIN /tmp/vpx-conf-28943-25104.c
     1	int x;
END /tmp/vpx-conf-28943-25104.c
/Applications/Xcode.app/Contents/Developer/Toolchains/XcodeDefault.xctoolchain/usr/bin/cc -isysroot /Applications/Xcode.app/Contents/Developer/Platforms/MacOSX.platform/Developer/SDKs/MacOSX10.13.sdk -mmacosx-version-min=10.6 -m64 -arch x86_64 -DNDEBUG -O3 -fPIC -Wall -Werror -Wdeclaration-after-statement -c -o /tmp/vpx-conf-28943-25104.o /tmp/vpx-conf-28943-25104.c
check_cxxflags -Wdisabled-optimization
check_cxx -Werror -Wdisabled-optimization
BEGIN /tmp/vpx-conf-28943-25104.cc
     1	int x;
END /tmp/vpx-conf-28943-25104.cc
/Applications/Xcode.app/Contents/Developer/Toolchains/XcodeDefault.xctoolchain/usr/bin/c++ -isysroot /Applications/Xcode.app/Contents/Developer/Platforms/MacOSX.platform/Developer/SDKs/MacOSX10.13.sdk -mmacosx-version-min=10.6 -m64 -arch x86_64 -DNDEBUG -O3 -fPIC -Wall -Wdeclaration-after-statement -Werror -Wdisabled-optimization -c -o /tmp/vpx-conf-28943-25104.o /tmp/vpx-conf-28943-25104.cc
check_cflags -Wdisabled-optimization
check_cc -Werror -Wdisabled-optimization
BEGIN /tmp/vpx-conf-28943-25104.c
     1	int x;
END /tmp/vpx-conf-28943-25104.c
/Applications/Xcode.app/Contents/Developer/Toolchains/XcodeDefault.xctoolchain/usr/bin/cc -isysroot /Applications/Xcode.app/Contents/Developer/Platforms/MacOSX.platform/Developer/SDKs/MacOSX10.13.sdk -mmacosx-version-min=10.6 -m64 -arch x86_64 -DNDEBUG -O3 -fPIC -Wall -Wdeclaration-after-statement -Werror -Wdisabled-optimization -c -o /tmp/vpx-conf-28943-25104.o /tmp/vpx-conf-28943-25104.c
check_cxxflags -Wpointer-arith
check_cxx -Werror -Wpointer-arith
BEGIN /tmp/vpx-conf-28943-25104.cc
     1	int x;
END /tmp/vpx-conf-28943-25104.cc
/Applications/Xcode.app/Contents/Developer/Toolchains/XcodeDefault.xctoolchain/usr/bin/c++ -isysroot /Applications/Xcode.app/Contents/Developer/Platforms/MacOSX.platform/Developer/SDKs/MacOSX10.13.sdk -mmacosx-version-min=10.6 -m64 -arch x86_64 -DNDEBUG -O3 -fPIC -Wall -Wdeclaration-after-statement -Wdisabled-optimization -Werror -Wpointer-arith -c -o /tmp/vpx-conf-28943-25104.o /tmp/vpx-conf-28943-25104.cc
check_cflags -Wpointer-arith
check_cc -Werror -Wpointer-arith
BEGIN /tmp/vpx-conf-28943-25104.c
     1	int x;
END /tmp/vpx-conf-28943-25104.c
/Applications/Xcode.app/Contents/Developer/Toolchains/XcodeDefault.xctoolchain/usr/bin/cc -isysroot /Applications/Xcode.app/Contents/Developer/Platforms/MacOSX.platform/Developer/SDKs/MacOSX10.13.sdk -mmacosx-version-min=10.6 -m64 -arch x86_64 -DNDEBUG -O3 -fPIC -Wall -Wdeclaration-after-statement -Wdisabled-optimization -Werror -Wpointer-arith -c -o /tmp/vpx-conf-28943-25104.o /tmp/vpx-conf-28943-25104.c
check_cxxflags -Wtype-limits
check_cxx -Werror -Wtype-limits
BEGIN /tmp/vpx-conf-28943-25104.cc
     1	int x;
END /tmp/vpx-conf-28943-25104.cc
/Applications/Xcode.app/Contents/Developer/Toolchains/XcodeDefault.xctoolchain/usr/bin/c++ -isysroot /Applications/Xcode.app/Contents/Developer/Platforms/MacOSX.platform/Developer/SDKs/MacOSX10.13.sdk -mmacosx-version-min=10.6 -m64 -arch x86_64 -DNDEBUG -O3 -fPIC -Wall -Wdeclaration-after-statement -Wdisabled-optimization -Wpointer-arith -Werror -Wtype-limits -c -o /tmp/vpx-conf-28943-25104.o /tmp/vpx-conf-28943-25104.cc
check_cflags -Wtype-limits
check_cc -Werror -Wtype-limits
BEGIN /tmp/vpx-conf-28943-25104.c
     1	int x;
END /tmp/vpx-conf-28943-25104.c
/Applications/Xcode.app/Contents/Developer/Toolchains/XcodeDefault.xctoolchain/usr/bin/cc -isysroot /Applications/Xcode.app/Contents/Developer/Platforms/MacOSX.platform/Developer/SDKs/MacOSX10.13.sdk -mmacosx-version-min=10.6 -m64 -arch x86_64 -DNDEBUG -O3 -fPIC -Wall -Wdeclaration-after-statement -Wdisabled-optimization -Wpointer-arith -Werror -Wtype-limits -c -o /tmp/vpx-conf-28943-25104.o /tmp/vpx-conf-28943-25104.c
check_cxxflags -Wcast-qual
check_cxx -Werror -Wcast-qual
BEGIN /tmp/vpx-conf-28943-25104.cc
     1	int x;
END /tmp/vpx-conf-28943-25104.cc
/Applications/Xcode.app/Contents/Developer/Toolchains/XcodeDefault.xctoolchain/usr/bin/c++ -isysroot /Applications/Xcode.app/Contents/Developer/Platforms/MacOSX.platform/Developer/SDKs/MacOSX10.13.sdk -mmacosx-version-min=10.6 -m64 -arch x86_64 -DNDEBUG -O3 -fPIC -Wall -Wdeclaration-after-statement -Wdisabled-optimization -Wpointer-arith -Wtype-limits -Werror -Wcast-qual -c -o /tmp/vpx-conf-28943-25104.o /tmp/vpx-conf-28943-25104.cc
check_cflags -Wcast-qual
check_cc -Werror -Wcast-qual
BEGIN /tmp/vpx-conf-28943-25104.c
     1	int x;
END /tmp/vpx-conf-28943-25104.c
/Applications/Xcode.app/Contents/Developer/Toolchains/XcodeDefault.xctoolchain/usr/bin/cc -isysroot /Applications/Xcode.app/Contents/Developer/Platforms/MacOSX.platform/Developer/SDKs/MacOSX10.13.sdk -mmacosx-version-min=10.6 -m64 -arch x86_64 -DNDEBUG -O3 -fPIC -Wall -Wdeclaration-after-statement -Wdisabled-optimization -Wpointer-arith -Wtype-limits -Werror -Wcast-qual -c -o /tmp/vpx-conf-28943-25104.o /tmp/vpx-conf-28943-25104.c
check_cxxflags -Wvla
check_cxx -Werror -Wvla
BEGIN /tmp/vpx-conf-28943-25104.cc
     1	int x;
END /tmp/vpx-conf-28943-25104.cc
/Applications/Xcode.app/Contents/Developer/Toolchains/XcodeDefault.xctoolchain/usr/bin/c++ -isysroot /Applications/Xcode.app/Contents/Developer/Platforms/MacOSX.platform/Developer/SDKs/MacOSX10.13.sdk -mmacosx-version-min=10.6 -m64 -arch x86_64 -DNDEBUG -O3 -fPIC -Wall -Wdeclaration-after-statement -Wdisabled-optimization -Wpointer-arith -Wtype-limits -Wcast-qual -Werror -Wvla -c -o /tmp/vpx-conf-28943-25104.o /tmp/vpx-conf-28943-25104.cc
check_cflags -Wvla
check_cc -Werror -Wvla
BEGIN /tmp/vpx-conf-28943-25104.c
     1	int x;
END /tmp/vpx-conf-28943-25104.c
/Applications/Xcode.app/Contents/Developer/Toolchains/XcodeDefault.xctoolchain/usr/bin/cc -isysroot /Applications/Xcode.app/Contents/Developer/Platforms/MacOSX.platform/Developer/SDKs/MacOSX10.13.sdk -mmacosx-version-min=10.6 -m64 -arch x86_64 -DNDEBUG -O3 -fPIC -Wall -Wdeclaration-after-statement -Wdisabled-optimization -Wpointer-arith -Wtype-limits -Wcast-qual -Werror -Wvla -c -o /tmp/vpx-conf-28943-25104.o /tmp/vpx-conf-28943-25104.c
check_cxxflags -Wimplicit-function-declaration
check_cxx -Werror -Wimplicit-function-declaration
BEGIN /tmp/vpx-conf-28943-25104.cc
     1	int x;
END /tmp/vpx-conf-28943-25104.cc
/Applications/Xcode.app/Contents/Developer/Toolchains/XcodeDefault.xctoolchain/usr/bin/c++ -isysroot /Applications/Xcode.app/Contents/Developer/Platforms/MacOSX.platform/Developer/SDKs/MacOSX10.13.sdk -mmacosx-version-min=10.6 -m64 -arch x86_64 -DNDEBUG -O3 -fPIC -Wall -Wdeclaration-after-statement -Wdisabled-optimization -Wpointer-arith -Wtype-limits -Wcast-qual -Wvla -Werror -Wimplicit-function-declaration -c -o /tmp/vpx-conf-28943-25104.o /tmp/vpx-conf-28943-25104.cc
check_cflags -Wimplicit-function-declaration
check_cc -Werror -Wimplicit-function-declaration
BEGIN /tmp/vpx-conf-28943-25104.c
     1	int x;
END /tmp/vpx-conf-28943-25104.c
/Applications/Xcode.app/Contents/Developer/Toolchains/XcodeDefault.xctoolchain/usr/bin/cc -isysroot /Applications/Xcode.app/Contents/Developer/Platforms/MacOSX.platform/Developer/SDKs/MacOSX10.13.sdk -mmacosx-version-min=10.6 -m64 -arch x86_64 -DNDEBUG -O3 -fPIC -Wall -Wdeclaration-after-statement -Wdisabled-optimization -Wpointer-arith -Wtype-limits -Wcast-qual -Wvla -Werror -Wimplicit-function-declaration -c -o /tmp/vpx-conf-28943-25104.o /tmp/vpx-conf-28943-25104.c
check_cxxflags -Wuninitialized
check_cxx -Werror -Wuninitialized
BEGIN /tmp/vpx-conf-28943-25104.cc
     1	int x;
END /tmp/vpx-conf-28943-25104.cc
/Applications/Xcode.app/Contents/Developer/Toolchains/XcodeDefault.xctoolchain/usr/bin/c++ -isysroot /Applications/Xcode.app/Contents/Developer/Platforms/MacOSX.platform/Developer/SDKs/MacOSX10.13.sdk -mmacosx-version-min=10.6 -m64 -arch x86_64 -DNDEBUG -O3 -fPIC -Wall -Wdeclaration-after-statement -Wdisabled-optimization -Wpointer-arith -Wtype-limits -Wcast-qual -Wvla -Wimplicit-function-declaration -Werror -Wuninitialized -c -o /tmp/vpx-conf-28943-25104.o /tmp/vpx-conf-28943-25104.cc
check_cflags -Wuninitialized
check_cc -Werror -Wuninitialized
BEGIN /tmp/vpx-conf-28943-25104.c
     1	int x;
END /tmp/vpx-conf-28943-25104.c
/Applications/Xcode.app/Contents/Developer/Toolchains/XcodeDefault.xctoolchain/usr/bin/cc -isysroot /Applications/Xcode.app/Contents/Developer/Platforms/MacOSX.platform/Developer/SDKs/MacOSX10.13.sdk -mmacosx-version-min=10.6 -m64 -arch x86_64 -DNDEBUG -O3 -fPIC -Wall -Wdeclaration-after-statement -Wdisabled-optimization -Wpointer-arith -Wtype-limits -Wcast-qual -Wvla -Wimplicit-function-declaration -Werror -Wuninitialized -c -o /tmp/vpx-conf-28943-25104.o /tmp/vpx-conf-28943-25104.c
check_cxxflags -Wunused-variable
check_cxx -Werror -Wunused-variable
BEGIN /tmp/vpx-conf-28943-25104.cc
     1	int x;
END /tmp/vpx-conf-28943-25104.cc
/Applications/Xcode.app/Contents/Developer/Toolchains/XcodeDefault.xctoolchain/usr/bin/c++ -isysroot /Applications/Xcode.app/Contents/Developer/Platforms/MacOSX.platform/Developer/SDKs/MacOSX10.13.sdk -mmacosx-version-min=10.6 -m64 -arch x86_64 -DNDEBUG -O3 -fPIC -Wall -Wdeclaration-after-statement -Wdisabled-optimization -Wpointer-arith -Wtype-limits -Wcast-qual -Wvla -Wimplicit-function-declaration -Wuninitialized -Werror -Wunused-variable -c -o /tmp/vpx-conf-28943-25104.o /tmp/vpx-conf-28943-25104.cc
check_cflags -Wunused-variable
check_cc -Werror -Wunused-variable
BEGIN /tmp/vpx-conf-28943-25104.c
     1	int x;
END /tmp/vpx-conf-28943-25104.c
/Applications/Xcode.app/Contents/Developer/Toolchains/XcodeDefault.xctoolchain/usr/bin/cc -isysroot /Applications/Xcode.app/Contents/Developer/Platforms/MacOSX.platform/Developer/SDKs/MacOSX10.13.sdk -mmacosx-version-min=10.6 -m64 -arch x86_64 -DNDEBUG -O3 -fPIC -Wall -Wdeclaration-after-statement -Wdisabled-optimization -Wpointer-arith -Wtype-limits -Wcast-qual -Wvla -Wimplicit-function-declaration -Wuninitialized -Werror -Wunused-variable -c -o /tmp/vpx-conf-28943-25104.o /tmp/vpx-conf-28943-25104.c
check_cxxflags -Wunused-but-set-variable
check_cxx -Werror -Wunused-but-set-variable
BEGIN /tmp/vpx-conf-28943-25104.cc
     1	int x;
END /tmp/vpx-conf-28943-25104.cc
/Applications/Xcode.app/Contents/Developer/Toolchains/XcodeDefault.xctoolchain/usr/bin/c++ -isysroot /Applications/Xcode.app/Contents/Developer/Platforms/MacOSX.platform/Developer/SDKs/MacOSX10.13.sdk -mmacosx-version-min=10.6 -m64 -arch x86_64 -DNDEBUG -O3 -fPIC -Wall -Wdeclaration-after-statement -Wdisabled-optimization -Wpointer-arith -Wtype-limits -Wcast-qual -Wvla -Wimplicit-function-declaration -Wuninitialized -Wunused-variable -Werror -Wunused-but-set-variable -c -o /tmp/vpx-conf-28943-25104.o /tmp/vpx-conf-28943-25104.cc
error: unknown warning option '-Wunused-but-set-variable'; did you mean '-Wunused-const-variable'? [-Werror,-Wunknown-warning-option]
check_cflags -Wunused-but-set-variable
check_cc -Werror -Wunused-but-set-variable
BEGIN /tmp/vpx-conf-28943-25104.c
     1	int x;
END /tmp/vpx-conf-28943-25104.c
/Applications/Xcode.app/Contents/Developer/Toolchains/XcodeDefault.xctoolchain/usr/bin/cc -isysroot /Applications/Xcode.app/Contents/Developer/Platforms/MacOSX.platform/Developer/SDKs/MacOSX10.13.sdk -mmacosx-version-min=10.6 -m64 -arch x86_64 -DNDEBUG -O3 -fPIC -Wall -Wdeclaration-after-statement -Wdisabled-optimization -Wpointer-arith -Wtype-limits -Wcast-qual -Wvla -Wimplicit-function-declaration -Wuninitialized -Wunused-variable -Werror -Wunused-but-set-variable -c -o /tmp/vpx-conf-28943-25104.o /tmp/vpx-conf-28943-25104.c
error: unknown warning option '-Wunused-but-set-variable'; did you mean '-Wunused-const-variable'? [-Werror,-Wunknown-warning-option]
check_cxxflags -Wno-unused-function
check_cxx -Werror -Wno-unused-function
BEGIN /tmp/vpx-conf-28943-25104.cc
     1	int x;
END /tmp/vpx-conf-28943-25104.cc
/Applications/Xcode.app/Contents/Developer/Toolchains/XcodeDefault.xctoolchain/usr/bin/c++ -isysroot /Applications/Xcode.app/Contents/Developer/Platforms/MacOSX.platform/Developer/SDKs/MacOSX10.13.sdk -mmacosx-version-min=10.6 -m64 -arch x86_64 -DNDEBUG -O3 -fPIC -Wall -Wdeclaration-after-statement -Wdisabled-optimization -Wpointer-arith -Wtype-limits -Wcast-qual -Wvla -Wimplicit-function-declaration -Wuninitialized -Wunused-variable -Werror -Wno-unused-function -c -o /tmp/vpx-conf-28943-25104.o /tmp/vpx-conf-28943-25104.cc
check_cflags -Wno-unused-function
check_cc -Werror -Wno-unused-function
BEGIN /tmp/vpx-conf-28943-25104.c
     1	int x;
END /tmp/vpx-conf-28943-25104.c
/Applications/Xcode.app/Contents/Developer/Toolchains/XcodeDefault.xctoolchain/usr/bin/cc -isysroot /Applications/Xcode.app/Contents/Developer/Platforms/MacOSX.platform/Developer/SDKs/MacOSX10.13.sdk -mmacosx-version-min=10.6 -m64 -arch x86_64 -DNDEBUG -O3 -fPIC -Wall -Wdeclaration-after-statement -Wdisabled-optimization -Wpointer-arith -Wtype-limits -Wcast-qual -Wvla -Wimplicit-function-declaration -Wuninitialized -Wunused-variable -Werror -Wno-unused-function -c -o /tmp/vpx-conf-28943-25104.o /tmp/vpx-conf-28943-25104.c
  enabling postproc
check_cxx
BEGIN /tmp/vpx-conf-28943-25104.cc
     1	int z;
END /tmp/vpx-conf-28943-25104.cc
/Applications/Xcode.app/Contents/Developer/Toolchains/XcodeDefault.xctoolchain/usr/bin/c++ -isysroot /Applications/Xcode.app/Contents/Developer/Platforms/MacOSX.platform/Developer/SDKs/MacOSX10.13.sdk -mmacosx-version-min=10.6 -m64 -arch x86_64 -DNDEBUG -O3 -fPIC -Wall -Wdeclaration-after-statement -Wdisabled-optimization -Wpointer-arith -Wtype-limits -Wcast-qual -Wvla -Wimplicit-function-declaration -Wuninitialized -Wunused-variable -Wno-unused-function -c -o /tmp/vpx-conf-28943-25104.o /tmp/vpx-conf-28943-25104.cc
check_cxx
BEGIN /tmp/vpx-conf-28943-25104.cc
     1	int z;
END /tmp/vpx-conf-28943-25104.cc
/Applications/Xcode.app/Contents/Developer/Toolchains/XcodeDefault.xctoolchain/usr/bin/c++ -isysroot /Applications/Xcode.app/Contents/Developer/Platforms/MacOSX.platform/Developer/SDKs/MacOSX10.13.sdk -mmacosx-version-min=10.6 -m64 -arch x86_64 -DNDEBUG -O3 -fPIC -Wall -Wdeclaration-after-statement -Wdisabled-optimization -Wpointer-arith -Wtype-limits -Wcast-qual -Wvla -Wimplicit-function-declaration -Wuninitialized -Wunused-variable -Wno-unused-function -c -o /tmp/vpx-conf-28943-25104.o /tmp/vpx-conf-28943-25104.cc
  enabling webm_io
check_cxx
BEGIN /tmp/vpx-conf-28943-25104.cc
     1	int z;
END /tmp/vpx-conf-28943-25104.cc
/Applications/Xcode.app/Contents/Developer/Toolchains/XcodeDefault.xctoolchain/usr/bin/c++ -isysroot /Applications/Xcode.app/Contents/Developer/Platforms/MacOSX.platform/Developer/SDKs/MacOSX10.13.sdk -mmacosx-version-min=10.6 -m64 -arch x86_64 -DNDEBUG -O3 -fPIC -Wall -Wdeclaration-after-statement -Wdisabled-optimization -Wpointer-arith -Wtype-limits -Wcast-qual -Wvla -Wimplicit-function-declaration -Wuninitialized -Wunused-variable -Wno-unused-function -c -o /tmp/vpx-conf-28943-25104.o /tmp/vpx-conf-28943-25104.cc
  enabling libyuv
check_header stdio.h
check_cpp
BEGIN /tmp/vpx-conf-28943-25104.c
     1	#include "stdio.h"
     2	int x;
END /tmp/vpx-conf-28943-25104.c
/Applications/Xcode.app/Contents/Developer/Toolchains/XcodeDefault.xctoolchain/usr/bin/cc -isysroot /Applications/Xcode.app/Contents/Developer/Platforms/MacOSX.platform/Developer/SDKs/MacOSX10.13.sdk -mmacosx-version-min=10.6 -m64 -arch x86_64 -DNDEBUG -O3 -fPIC -Wall -Wdeclaration-after-statement -Wdisabled-optimization -Wpointer-arith -Wtype-limits -Wcast-qual -Wvla -Wimplicit-function-declaration -Wuninitialized -Wunused-variable -Wno-unused-function -E -o /tmp/vpx-conf-28943-25104.o /tmp/vpx-conf-28943-25104.c
check_ld
check_cc
BEGIN /tmp/vpx-conf-28943-25104.c
     1	int main(void) {return 0;}
END /tmp/vpx-conf-28943-25104.c
/Applications/Xcode.app/Contents/Developer/Toolchains/XcodeDefault.xctoolchain/usr/bin/cc -isysroot /Applications/Xcode.app/Contents/Developer/Platforms/MacOSX.platform/Developer/SDKs/MacOSX10.13.sdk -mmacosx-version-min=10.6 -m64 -arch x86_64 -DNDEBUG -O3 -fPIC -Wall -Wdeclaration-after-statement -Wdisabled-optimization -Wpointer-arith -Wtype-limits -Wcast-qual -Wvla -Wimplicit-function-declaration -Wuninitialized -Wunused-variable -Wno-unused-function -c -o /tmp/vpx-conf-28943-25104.o /tmp/vpx-conf-28943-25104.c
/Applications/Xcode.app/Contents/Developer/Toolchains/XcodeDefault.xctoolchain/usr/bin/c++ -isysroot /Applications/Xcode.app/Contents/Developer/Platforms/MacOSX.platform/Developer/SDKs/MacOSX10.13.sdk -mmacosx-version-min=10.6 -m64 -arch x86_64 -o /tmp/vpx-conf-28943-25104.x /tmp/vpx-conf-28943-25104.o -lpthread
clang: warning: libstdc++ is deprecated; move to libc++ with a minimum deployment target of OS X 10.9 [-Wdeprecated]
check_header stdint.h
check_cpp
BEGIN /tmp/vpx-conf-28943-25104.c
     1	#include "stdint.h"
     2	int x;
END /tmp/vpx-conf-28943-25104.c
/Applications/Xcode.app/Contents/Developer/Toolchains/XcodeDefault.xctoolchain/usr/bin/cc -isysroot /Applications/Xcode.app/Contents/Developer/Platforms/MacOSX.platform/Developer/SDKs/MacOSX10.13.sdk -mmacosx-version-min=10.6 -m64 -arch x86_64 -DNDEBUG -O3 -fPIC -Wall -Wdeclaration-after-statement -Wdisabled-optimization -Wpointer-arith -Wtype-limits -Wcast-qual -Wvla -Wimplicit-function-declaration -Wuninitialized -Wunused-variable -Wno-unused-function -E -o /tmp/vpx-conf-28943-25104.o /tmp/vpx-conf-28943-25104.c
check_header pthread.h
check_cpp
BEGIN /tmp/vpx-conf-28943-25104.c
     1	#include "pthread.h"
     2	int x;
END /tmp/vpx-conf-28943-25104.c
/Applications/Xcode.app/Contents/Developer/Toolchains/XcodeDefault.xctoolchain/usr/bin/cc -isysroot /Applications/Xcode.app/Contents/Developer/Platforms/MacOSX.platform/Developer/SDKs/MacOSX10.13.sdk -mmacosx-version-min=10.6 -m64 -arch x86_64 -DNDEBUG -O3 -fPIC -Wall -Wdeclaration-after-statement -Wdisabled-optimization -Wpointer-arith -Wtype-limits -Wcast-qual -Wvla -Wimplicit-function-declaration -Wuninitialized -Wunused-variable -Wno-unused-function -E -o /tmp/vpx-conf-28943-25104.o /tmp/vpx-conf-28943-25104.c
check_header sys/mman.h
check_cpp
BEGIN /tmp/vpx-conf-28943-25104.c
     1	#include "sys/mman.h"
     2	int x;
END /tmp/vpx-conf-28943-25104.c
/Applications/Xcode.app/Contents/Developer/Toolchains/XcodeDefault.xctoolchain/usr/bin/cc -isysroot /Applications/Xcode.app/Contents/Developer/Platforms/MacOSX.platform/Developer/SDKs/MacOSX10.13.sdk -mmacosx-version-min=10.6 -m64 -arch x86_64 -DNDEBUG -O3 -fPIC -Wall -Wdeclaration-after-statement -Wdisabled-optimization -Wpointer-arith -Wtype-limits -Wcast-qual -Wvla -Wimplicit-function-declaration -Wuninitialized -Wunused-variable -Wno-unused-function -E -o /tmp/vpx-conf-28943-25104.o /tmp/vpx-conf-28943-25104.c
check_header unistd.h
check_cpp
BEGIN /tmp/vpx-conf-28943-25104.c
     1	#include "unistd.h"
     2	int x;
END /tmp/vpx-conf-28943-25104.c
/Applications/Xcode.app/Contents/Developer/Toolchains/XcodeDefault.xctoolchain/usr/bin/cc -isysroot /Applications/Xcode.app/Contents/Developer/Platforms/MacOSX.platform/Developer/SDKs/MacOSX10.13.sdk -mmacosx-version-min=10.6 -m64 -arch x86_64 -DNDEBUG -O3 -fPIC -Wall -Wdeclaration-after-statement -Wdisabled-optimization -Wpointer-arith -Wtype-limits -Wcast-qual -Wvla -Wimplicit-function-declaration -Wuninitialized -Wunused-variable -Wno-unused-function -E -o /tmp/vpx-conf-28943-25104.o /tmp/vpx-conf-28943-25104.c
check_header vpx/vpx_integer.h -I/Users/S0U1SB4N3/test006/linphone-desktop/submodules/externals/libvpx
check_cpp -I/Users/S0U1SB4N3/test006/linphone-desktop/submodules/externals/libvpx
BEGIN /tmp/vpx-conf-28943-25104.c
     1	#include "vpx/vpx_integer.h"
     2	int x;
END /tmp/vpx-conf-28943-25104.c
/Applications/Xcode.app/Contents/Developer/Toolchains/XcodeDefault.xctoolchain/usr/bin/cc -isysroot /Applications/Xcode.app/Contents/Developer/Platforms/MacOSX.platform/Developer/SDKs/MacOSX10.13.sdk -mmacosx-version-min=10.6 -m64 -arch x86_64 -DNDEBUG -O3 -fPIC -Wall -Wdeclaration-after-statement -Wdisabled-optimization -Wpointer-arith -Wtype-limits -Wcast-qual -Wvla -Wimplicit-function-declaration -Wuninitialized -Wunused-variable -Wno-unused-function -I/Users/S0U1SB4N3/test006/linphone-desktop/submodules/externals/libvpx -E -o /tmp/vpx-conf-28943-25104.o /tmp/vpx-conf-28943-25104.c
