Determining if the CU_curses_run_tests exist failed with the following output:
Change Dir: /Users/S0U1SB4N3/test006/linphone-desktop/WORK/desktop/Build/bctoolbox/CMakeFiles/CMakeTmp

Run Build Command:"/usr/bin/make" "cmTC_6dfc7/fast"
/Applications/Xcode.app/Contents/Developer/usr/bin/make -f CMakeFiles/cmTC_6dfc7.dir/build.make CMakeFiles/cmTC_6dfc7.dir/build
Building C object CMakeFiles/cmTC_6dfc7.dir/CheckSymbolExists.c.o
/Applications/Xcode.app/Contents/Developer/Toolchains/XcodeDefault.xctoolchain/usr/bin/cc  -I/Users/S0U1SB4N3/test006/linphone-desktop/OUTPUT/desktop/include  -arch x86_64 -isysroot /Applications/Xcode.app/Contents/Developer/Platforms/MacOSX.platform/Developer/SDKs/MacOSX10.13.sdk -mmacosx-version-min=10.13   -o CMakeFiles/cmTC_6dfc7.dir/CheckSymbolExists.c.o   -c /Users/S0U1SB4N3/test006/linphone-desktop/WORK/desktop/Build/bctoolbox/CMakeFiles/CMakeTmp/CheckSymbolExists.c
/Users/S0U1SB4N3/test006/linphone-desktop/WORK/desktop/Build/bctoolbox/CMakeFiles/CMakeTmp/CheckSymbolExists.c:8:19: error: use of undeclared identifier 'CU_curses_run_tests'
  return ((int*)(&CU_curses_run_tests))[argc];
                  ^
1 error generated.
make[5]: *** [CMakeFiles/cmTC_6dfc7.dir/CheckSymbolExists.c.o] Error 1
make[4]: *** [cmTC_6dfc7/fast] Error 2

File /Users/S0U1SB4N3/test006/linphone-desktop/WORK/desktop/Build/bctoolbox/CMakeFiles/CMakeTmp/CheckSymbolExists.c:
/* */
#include <BCUnit/BCUnit.h>

int main(int argc, char** argv)
{
  (void)argv;
#ifndef CU_curses_run_tests
  return ((int*)(&CU_curses_run_tests))[argc];
#else
  (void)argc;
  return 0;
#endif
}

Determining if the function clock_gettime exists in the rt failed with the following output:
Change Dir: /Users/S0U1SB4N3/test006/linphone-desktop/WORK/desktop/Build/bctoolbox/CMakeFiles/CMakeTmp

Run Build Command:"/usr/bin/make" "cmTC_96c37/fast"
/Applications/Xcode.app/Contents/Developer/usr/bin/make -f CMakeFiles/cmTC_96c37.dir/build.make CMakeFiles/cmTC_96c37.dir/build
Building C object CMakeFiles/cmTC_96c37.dir/CheckFunctionExists.c.o
/Applications/Xcode.app/Contents/Developer/Toolchains/XcodeDefault.xctoolchain/usr/bin/cc   -DCHECK_FUNCTION_EXISTS=clock_gettime -arch x86_64 -isysroot /Applications/Xcode.app/Contents/Developer/Platforms/MacOSX.platform/Developer/SDKs/MacOSX10.13.sdk -mmacosx-version-min=10.13   -o CMakeFiles/cmTC_96c37.dir/CheckFunctionExists.c.o   -c /usr/local/Cellar/cmake/3.8.2/share/cmake/Modules/CheckFunctionExists.c
Linking C executable cmTC_96c37
/usr/local/Cellar/cmake/3.8.2/bin/cmake -E cmake_link_script CMakeFiles/cmTC_96c37.dir/link.txt --verbose=1
/Applications/Xcode.app/Contents/Developer/Toolchains/XcodeDefault.xctoolchain/usr/bin/cc  -DCHECK_FUNCTION_EXISTS=clock_gettime -arch x86_64 -isysroot /Applications/Xcode.app/Contents/Developer/Platforms/MacOSX.platform/Developer/SDKs/MacOSX10.13.sdk -mmacosx-version-min=10.13 -Wl,-search_paths_first -Wl,-headerpad_max_install_names   CMakeFiles/cmTC_96c37.dir/CheckFunctionExists.c.o  -o cmTC_96c37 -lrt 
ld: library not found for -lrt
clang: error: linker command failed with exit code 1 (use -v to see invocation)
make[5]: *** [cmTC_96c37] Error 1
make[4]: *** [cmTC_96c37/fast] Error 2


